mode: set
/Users/tuckermccoy/Documents/sms/sms.go:27.98,32.16 4 1
/Users/tuckermccoy/Documents/sms/sms.go:36.2,36.56 1 1
/Users/tuckermccoy/Documents/sms/sms.go:40.2,42.20 2 1
/Users/tuckermccoy/Documents/sms/sms.go:32.16,34.3 1 0
/Users/tuckermccoy/Documents/sms/sms.go:36.56,38.3 1 0
/Users/tuckermccoy/Documents/sms/sms.go:45.73,48.13 2 1
/Users/tuckermccoy/Documents/sms/sms.go:52.2,56.36 4 1
/Users/tuckermccoy/Documents/sms/sms.go:60.2,62.12 2 1
/Users/tuckermccoy/Documents/sms/sms.go:48.13,50.3 1 0
/Users/tuckermccoy/Documents/sms/sms.go:56.36,58.3 1 0
/Users/tuckermccoy/Documents/sms/sms.go:65.23,68.2 2 1
